make.exe all --print-data-base --no-builtin-variables --no-builtin-rules --question
# GNU Make 3.81
# Copyright (C) 2006  Free Software Foundation, Inc.
# This is free software; see the source for copying conditions.
# There is NO warranty; not even for MERCHANTABILITY or FITNESS FOR A
# PARTICULAR PURPOSE.

# This program built for i386-pc-mingw32
 

# Make data base, printed on Sat Aug 05 13:29:56 2023

# Variables

# automatic
<D = $(patsubst %/,%,$(dir $<))
# automatic
?F = $(notdir $?)
# environment
ELECTRON_NO_ATTACH_CONSOLE = 1
# environment
VSCODE_CRASH_REPORTER_PROCESS_TYPE = extensionHost
# makefile
MAKEFLAGS = Rrqp
# automatic
?D = $(patsubst %/,%,$(dir $?))
# automatic
@D = $(patsubst %/,%,$(dir $@))
# environment
HOMEDRIVE = C:
# automatic
@F = $(notdir $@)
# automatic
^D = $(patsubst %/,%,$(dir $^))
# makefile
CURDIR := c:/Users/Backend3/go/src/prod-trans-user-service
# default
SHELL := sh.exe
# environment
WINDIR = C:\Windows
# environment
VSCODE_NLS_CONFIG = {"locale":"en-us","osLocale":"en-id","availableLanguages":{},"_languagePackSupport":true}
# environment
ONEDRIVE = C:\Users\Backend3\OneDrive
# environment
PATHEXT = .COM;.EXE;.BAT;.CMD;.VBS;.VBE;.JS;.JSE;.WSF;.WSH;.MSC
# makefile (from `makefile', line 1)
MAKEFILE_LIST :=  makefile
# environment
FPS_BROWSER_USER_PROFILE_STRING = Default
# environment
TMP = C:\Users\Backend3\AppData\Local\Temp
# environment
VSCODE_AMD_ENTRYPOINT = vs/workbench/api/node/extensionHostProcess
# environment
PROGRAMW6432 = C:\Program Files
# environment
PROGRAMDATA = C:\ProgramData
# environment
VSCODE_CWD = C:\Users\Backend3\go\src
# environment
GOPROXY = https://proxy.golang.org,direct
# environment
PATH = C:\Windows\system32;C:\Windows;C:\Windows\System32\Wbem;C:\Windows\System32\WindowsPowerShell\v1.0\;C:\Windows\System32\OpenSSH\;C:\Program Files\Go\bin;C:\Program Files\Git\cmd;C:\Program Files\Docker\Docker\resources\bin;C:\ProgramData\DockerDesktop\version-bin;C:\Program Files\nodejs\;C:\Program Files\Cloudflare\Cloudflare WARP\;C:\Program Files\Redis\;C:\Program Files\PuTTY\;C:\Program Files\dotnet\;C:\Users\Backend3\AppData\Local\Packages\PythonSoftwareFoundation.Python.3.11_qbz5n2kfra8p0\LocalCache\local-packages\Python311\Scripts;C:\Users\Backend3\.pyenv\pyenv-win\bin;C:\Users\Backend3\.pyenv\pyenv-win\shims;C:\Users\Backend3\AppData\Local\Microsoft\WindowsApps;C:\Users\Backend3\AppData\Local\Programs\Microsoft VS Code\bin;C:\Users\Backend3\go\bin;C:\Program Files (x86)\GnuWin32\bin;C:\Users\Backend3\AppData\Roaming\npm;C:\Program Files\JetBrains\GoLand 2022.2\bin;;C:\Users\Backend3\AppData\Local\Packages\PythonSoftwareFoundation.Python.3.11_qbz5n2kfra8p0\LocalCache\local-packages\Python311\Scripts;
# environment
COMMONPROGRAMW6432 = C:\Program Files\Common Files
# environment
PROCESSOR_ARCHITECTURE = x86
# environment
USERPROFILE = C:\Users\Backend3
# environment
ALLUSERSPROFILE = C:\ProgramData
# environment
GOPATH = C:\Users\Backend3\go
# environment
NUMBER_OF_PROCESSORS = 16
# environment
ELECTRON_RUN_AS_NODE = 1
# default
.FEATURES := target-specific order-only second-expansion else-if archives
# automatic
%F = $(notdir $%)
# environment
CHROME_CRASHPAD_PIPE_NAME = \\.\pipe\LOCAL\crashpad_9880_BIPVHMJYPTMQMHXH
# environment
COMPUTERNAME = DESKTOP-V0NQIC1
# environment
PROGRAMFILES = C:\Program Files (x86)
# environment
GOLAND = C:\Program Files\JetBrains\GoLand 2022.2\bin;
# environment
DRIVERDATA = C:\Windows\System32\Drivers\DriverData
# environment
ORIGINAL_XDG_CURRENT_DESKTOP = undefined
# environment
USERNAME = Backend3
# environment
PUBLIC = C:\Users\Public
# environment
GOMODCACHE = C:\Users\Backend3\go\pkg\mod
# environment
VSCODE_CLI = 1
# environment
VSCODE_CODE_CACHE_PATH = C:\Users\Backend3\AppData\Roaming\Code\CachedData\695af097c7bd098fbf017ce3ac85e09bbc5dda06
# environment
APPLICATION_INSIGHTS_NO_DIAGNOSTIC_CHANNEL = 1
# environment
COMMONPROGRAMFILES = C:\Program Files (x86)\Common Files
# environment
LOGONSERVER = \\DESKTOP-V0NQIC1
# environment
VSCODE_HANDLES_UNCAUGHT_ERRORS = true
# environment
USERDOMAIN = DESKTOP-V0NQIC1
# default
MAKE = $(MAKE_COMMAND)
# default
MAKECMDGOALS := all
# default
MAKE_VERSION := 3.81
# makefile
.DEFAULT_GOAL := dep
# environment
PROGRAMFILES(X86) = C:\Program Files (x86)
# automatic
%D = $(patsubst %/,%,$(dir $%))
# environment
LOCALAPPDATA = C:\Users\Backend3\AppData\Local
# environment
PSMODULEPATH = C:\Program Files\WindowsPowerShell\Modules;C:\Windows\system32\WindowsPowerShell\v1.0\Modules
# default
MAKE_COMMAND := make.exe
# environment
PROCESSOR_ARCHITEW6432 = AMD64
# default
.VARIABLES := 
# automatic
*F = $(notdir $*)
# environment
PROCESSOR_IDENTIFIER = Intel64 Family 6 Model 165 Stepping 5, GenuineIntel
# environment
OS = Windows_NT
# environment
VSCODE_IPC_HOOK = \\.\pipe\9919dc8e77ca95df1e546e0dce3397e7-1.79.2-main-sock
# environment
HOMEPATH = \Users\Backend3
# environment
COMMONPROGRAMFILES(X86) = C:\Program Files (x86)\Common Files
# environment
PROMPT = $P$G
# environment
MFLAGS = -Rrqp
# automatic
*D = $(patsubst %/,%,$(dir $*))
# environment
SYSTEMROOT = C:\Windows
# automatic
+D = $(patsubst %/,%,$(dir $+))
# environment
PYENV = C:\Users\Backend3\.pyenv\pyenv-win\
# environment
VSCODE_L10N_BUNDLE_LOCATION = 
# automatic
+F = $(notdir $+)
# environment
APPDATA = C:\Users\Backend3\AppData\Roaming
# environment
TEMP = C:\Users\Backend3\AppData\Local\Temp
# environment
COMSPEC = C:\Windows\system32\cmd.exe
# default
MAKEFILES := 
# automatic
<F = $(notdir $<)
# environment
LC_ALL = C
# environment
PYENV_HOME = C:\Users\Backend3\.pyenv\pyenv-win\
# automatic
^F = $(notdir $^)
# default
SUFFIXES := 
# environment
SYSTEMDRIVE = C:
# environment
SESSIONNAME = Console
# environment
PROCESSOR_REVISION = a505
# environment
MAKELEVEL := 0
# environment
LANG = C
# environment
PROCESSOR_LEVEL = 6
# environment
FPS_BROWSER_APP_PROFILE_STRING = Internet Explorer
# environment
VSCODE_PID = 9880
# environment
USERDOMAIN_ROAMINGPROFILE = DESKTOP-V0NQIC1
# variable set hash-table stats:
# Load=93/1024=9%, Rehash=0, Collisions=10/113=9%

# Pattern-specific Variable Values

# No pattern-specific variable values.

# Directories

# : could not be stat'd.
# C:\Program Files\Docker\Docker\resources\bin (key C:/Program Files/Docker/Docker/resources/bin, mtime 1658891328): 13 files, no impossibilities.
# C:\Program Files\Go\bin (key C:/Program Files/Go/bin, mtime 1658716059): 4 files, no impossibilities.
# C:\Users\Backend3\go\bin (key C:/Users/Backend3/go/bin, mtime 1691127782): 20 files, no impossibilities.
# C:\Windows\System32\WindowsPowerShell\v1.0\ (key C:/Windows/System32/WindowsPowerShell/v1.0/, mtime 1683726134): 30 files, no impossibilities.
# C:\Windows\System32\Wbem (key C:/Windows/System32/Wbem, mtime 1691147004): 169 files, no impossibilities.
# . (key c:/Users/Backend3/go/src/prod-trans-user-service, mtime 1672735757): 30 files, no impossibilities.
# C:\Program Files\nodejs\ (key C:/Program Files/nodejs/, mtime 1658892451): 13 files, no impossibilities.
# C:\Users\Backend3\.pyenv\pyenv-win\shims (key C:/Users/Backend3/.pyenv/pyenv-win/shims, mtime 1691056385): 24 files, no impossibilities.
# C:\Program Files\JetBrains\GoLand 2022.2\bin (key C:/Program Files/JetBrains/GoLand 2022.2/bin, mtime 1659605892): 28 files, no impossibilities.
# C:\Users\Backend3\.pyenv\pyenv-win\bin (key C:/Users/Backend3/.pyenv/pyenv-win/bin, mtime 1691054916): 6 files, no impossibilities.
# C:\Windows\System32\OpenSSH\: could not be stat'd.
# C:\Program Files\PuTTY\ (key C:/Program Files/PuTTY/, mtime 1675765762): 12 files, no impossibilities.
# C:\Program Files\Redis\ (key C:/Program Files/Redis/, mtime 1690966492): 20 files, no impossibilities.
# C:\Users\Backend3\AppData\Local\Packages\PythonSoftwareFoundation.Python.3.11_qbz5n2kfra8p0\LocalCache\local-packages\Python311\Scripts (key C:/Users/Backend3/AppData/Local/Packages/PythonSoftwareFoundation.Python.3.11_qbz5n2kfra8p0/LocalCache/local-packages/Python311/Scripts, mtime 1691036491): 12 files, no impossibilities.
# C:\Windows (key C:/Windows, mtime 1691147063): 108 files, no impossibilities.
# C:\Users\Backend3\AppData\Local\Programs\Microsoft VS Code\bin (key C:/Users/Backend3/AppData/Local/Programs/Microsoft VS Code/bin, mtime 1686889412): 5 files, no impossibilities.
# C:\Program Files\Cloudflare\Cloudflare WARP\ (key C:/Program Files/Cloudflare/Cloudflare WARP/, mtime 1659269502): 11 files, no impossibilities.
# C:\Program Files\dotnet\ (key C:/Program Files/dotnet/, mtime 1686292273): 8 files, no impossibilities.
# C:\Users\Backend3\AppData\Roaming\npm (key C:/Users/Backend3/AppData/Roaming/npm, mtime 1658892449): 2 files, no impossibilities.
# C:\ProgramData\DockerDesktop\version-bin: could not be stat'd.
# C:\Program Files\Git\cmd (key C:/Program Files/Git/cmd, mtime 1658716457): 8 files, no impossibilities.
# C:\Windows\system32 (key C:/Windows/system32, mtime 1691149886): 2947 files, no impossibilities.
# C:\Users\Backend3\AppData\Local\Microsoft\WindowsApps (key C:/Users/Backend3/AppData/Local/Microsoft/WindowsApps, mtime 1691214774): 31 files, no impossibilities.
# C:\Program Files (x86)\GnuWin32\bin (key C:/Program Files (x86)/GnuWin32/bin, mtime 1658817014): 5 files, no impossibilities.

# 3506 files, no impossibilities in 25 directories.

# Implicit Rules

# No implicit rules.

# Files

# Not a target:
all:
#  Command-line target.
#  Implicit rule search has been done.
#  File does not exist.
#  File has not been updated.
# variable set hash-table stats:
# Load=0/32=0%, Rehash=0, Collisions=0/0=0%

# Not a target:
.DEFAULT:
#  Implicit rule search has not been done.
#  Modification time never checked.
#  File has not been updated.

proto:
#  Implicit rule search has not been done.
#  Modification time never checked.
#  File has not been updated.
#  commands to execute (from `makefile', line 16):
	protoc --proto_path=pb pb/*.proto --go_out=gen/ 
	protoc --proto_path=pb pb/*.proto --go-grpc_out=require_unimplemented_servers=false:gen/
	protoc -I pb --grpc-gateway_out ./gen/  \
	--grpc-gateway_opt logtostderr=true \
	--grpc-gateway_opt paths=source_relative \
	--grpc-gateway_opt generate_unbound_methods=true \
	pb/*.proto
	

dep:
#  Implicit rule search has not been done.
#  Modification time never checked.
#  File has not been updated.
#  commands to execute (from `makefile', line 2):
	go mod tidy
	go mod vendor
	

# Not a target:
makefile:
#  Implicit rule search has been done.
#  Last modified 2022-06-28 16:17:58
#  File has been updated.
#  Successfully updated.
# variable set hash-table stats:
# Load=0/32=0%, Rehash=0, Collisions=0/0=0%

createdb:
#  Implicit rule search has not been done.
#  Modification time never checked.
#  File has not been updated.
#  commands to execute (from `makefile', line 10):
	npx sequelize db:create
	

migrate:
#  Implicit rule search has not been done.
#  Modification time never checked.
#  File has not been updated.
#  commands to execute (from `makefile', line 6):
	npm i
	npx sequelize db:migrate
	

# Not a target:
.SUFFIXES:
#  Implicit rule search has not been done.
#  Modification time never checked.
#  File has not been updated.

docker:
#  Implicit rule search has not been done.
#  Modification time never checked.
#  File has not been updated.
#  commands to execute (from `makefile', line 25):
	docker compose up
	

undo:
#  Implicit rule search has not been done.
#  Modification time never checked.
#  File has not been updated.
#  commands to execute (from `makefile', line 13):
	npx sequelize db:migrate:undo:all           
	

# files hash-table stats:
# Load=10/1024=1%, Rehash=0, Collisions=0/21=0%
# VPATH Search Paths

# No `vpath' search paths.

# No general (`VPATH' variable) search path.

# # of strings in strcache: 1
# # of strcache buffers: 1
# strcache size: total = 4096 / max = 4096 / min = 4096 / avg = 4096
# strcache free: total = 4087 / max = 4087 / min = 4087 / avg = 4087

# Finished Make data base on Sat Aug 05 13:29:56 2023

 
make.exe: *** No rule to make target `all'.  Stop.

